#-----------------------------------------------------------
# Vivado v2020.1 (64-bit)
# SW Build 2902540 on Wed May 27 19:54:49 MDT 2020
# IP Build 2902112 on Wed May 27 22:43:36 MDT 2020
# Start of session at: Sun Oct 10 22:26:16 2021
# Process ID: 4280
# Current directory: C:/VIVADO_PROJECTS/sdram
# Command line: vivado.exe -gui_launcher_event rodinguilauncherevent3652 C:\VIVADO_PROJECTS\sdram\sdram.xpr
# Log file: C:/VIVADO_PROJECTS/sdram/vivado.log
# Journal file: C:/VIVADO_PROJECTS/sdram\vivado.jou
#-----------------------------------------------------------
start_gui
open_project C:/VIVADO_PROJECTS/sdram/sdram.xpr
INFO: [Common 17-41] Interrupt caught. Command should exit soon.
INFO: [Common 17-344] 'open_project' was cancelled
open_project C:/VIVADO_PROJECTS/HDL_example_project_cpu/HDL_example_project_cpu.xpr
INFO: [Common 17-41] Interrupt caught. Command should exit soon.
Scanning sources...
INFO: [Common 17-344] 'open_project' was cancelled
exit
INFO: [Common 17-206] Exiting Vivado at Sun Oct 10 22:26:51 2021...
